<?xml version="1.0" encoding="UTF-8"?>
<!-- Generated by org.testng.reporters.JUnitReportReporter -->
<testsuite skipped="0" hostname="DESKTOP-VVL9I9Q" name="test.LoginTest" tests="1" failures="0" timestamp="2021-01-11T20:50:55 CST" time="9.505" errors="0">
  <testcase name="userShouldBeAbleToLogin" time="9.505" classname="test.LoginTest"/>
  <system-out/>
</testsuite> <!-- test.LoginTest -->
