<?xml version="1.0" encoding="UTF-8"?>
<!-- Generated by org.testng.reporters.JUnitReportReporter -->
<testsuite skipped="0" hostname="DESKTOP-VVL9I9Q" name="util.BrowserFactory" tests="1" failures="0" timestamp="2021-01-11T16:40:04 CST" time="7.757" errors="0">
  <testcase name="init" time="7.757" classname="util.BrowserFactory"/>
  <system-out/>
</testsuite> <!-- util.BrowserFactory -->
