<?xml version="1.0" encoding="UTF-8"?>
<!-- Generated by org.testng.reporters.JUnitReportReporter -->
<testsuite skipped="0" hostname="DESKTOP-VVL9I9Q" name="test.AddCustomerTest" tests="1" failures="0" timestamp="2021-01-11T20:51:31 CST" time="10.671" errors="0">
  <testcase name="userShouldBeAbleToAddCustomer" time="10.671" classname="test.AddCustomerTest"/>
  <system-out/>
</testsuite> <!-- test.AddCustomerTest -->
